v==============Cycle Counter =     0==============v

[IF ]: Instruction [fffff2b7]@[00001000]: lui	x5, 1048575
[ID ]: Instruction [00000000]@[00000000]: 
[EX ]: Instruction [00000000]@[00000000]: 
[MEM]: Instruction [00000000]@[00000000]: 
[WB ]: Instruction [00000000]@[00000000]: 
r 0=00000000 r 1=00000000 r 2=000effff r 3=00003000 
r 4=00000000 r 5=00000000 r 6=00000000 r 7=00000000 
r 8=00000000 r 9=00000000 r10=00000000 r11=00000000 
r12=00000000 r13=00000000 r14=00000000 r15=00000000 
r16=00000000 r17=00000000 r18=00000000 r19=00000000 
r20=00000000 r21=00000000 r22=00000000 r23=00000000 
r24=00000000 r25=00000000 r26=00000000 r27=00000000 
r28=00000000 r29=00000000 r30=00000000 r31=00000000 

v==============Cycle Counter =     1==============v

[IF ]: Instruction [7ff2e293]@[00001004]: ori	x5, x5, 2047
[ID ]: Instruction [fffff2b7]@[00001000]: lui	x5, 1048575
[EX ]: Instruction [00000000]@[00000000]: 
[MEM]: Instruction [00000000]@[00000000]: 
[WB ]: Instruction [00000000]@[00000000]: 
r 0=00000000 r 1=00000000 r 2=000effff r 3=00003000 
r 4=00000000 r 5=00000000 r 6=00000000 r 7=00000000 
r 8=00000000 r 9=00000000 r10=00000000 r11=00000000 
r12=00000000 r13=00000000 r14=00000000 r15=00000000 
r16=00000000 r17=00000000 r18=00000000 r19=00000000 
r20=00000000 r21=00000000 r22=00000000 r23=00000000 
r24=00000000 r25=00000000 r26=00000000 r27=00000000 
r28=00000000 r29=00000000 r30=00000000 r31=00000000 

v==============Cycle Counter =     2==============v

[IF ]: Instruction [ffd10113]@[00001008]: addi	x2, x2, -3
[ID ]: Instruction [7ff2e293]@[00001004]: ori	x5, x5, 2047
[EX ]: Instruction [fffff2b7]@[00001000]: lui	x5, 1048575
[MEM]: Instruction [00000000]@[00000000]: 
[WB ]: Instruction [00000000]@[00000000]: 
r 0=00000000 r 1=00000000 r 2=000effff r 3=00003000 
r 4=00000000 r 5=00000000 r 6=00000000 r 7=00000000 
r 8=00000000 r 9=00000000 r10=00000000 r11=00000000 
r12=00000000 r13=00000000 r14=00000000 r15=00000000 
r16=00000000 r17=00000000 r18=00000000 r19=00000000 
r20=00000000 r21=00000000 r22=00000000 r23=00000000 
r24=00000000 r25=00000000 r26=00000000 r27=00000000 
r28=00000000 r29=00000000 r30=00000000 r31=00000000 

v==============Cycle Counter =     3==============v

[IF ]: Instruction [00510023]@[0000100c]: sb	x5, 0(x2)
[ID ]: Instruction [ffd10113]@[00001008]: addi	x2, x2, -3
[FWD]: Resolving EX hazard on rs1: x5
[EX ]: Instruction [7ff2e293]@[00001004]: ori	x5, x5, 2047
[MEM]: Instruction [fffff2b7]@[00001000]: lui	x5, 1048575
[WB ]: Instruction [00000000]@[00000000]: 
r 0=00000000 r 1=00000000 r 2=000effff r 3=00003000 
r 4=00000000 r 5=00000000 r 6=00000000 r 7=00000000 
r 8=00000000 r 9=00000000 r10=00000000 r11=00000000 
r12=00000000 r13=00000000 r14=00000000 r15=00000000 
r16=00000000 r17=00000000 r18=00000000 r19=00000000 
r20=00000000 r21=00000000 r22=00000000 r23=00000000 
r24=00000000 r25=00000000 r26=00000000 r27=00000000 
r28=00000000 r29=00000000 r30=00000000 r31=00000000 

v==============Cycle Counter =     4==============v

[IF ]: Instruction [005110a3]@[00001010]: sh	x5, 1(x2)
[ID ]: Instruction [00510023]@[0000100c]: sb	x5, 0(x2)
[EX ]: Instruction [ffd10113]@[00001008]: addi	x2, x2, -3
[MEM]: Instruction [7ff2e293]@[00001004]: ori	x5, x5, 2047
[WB ]: Instruction [fffff2b7]@[00001000]: lui	x5, 1048575
r 0=00000000 r 1=00000000 r 2=000effff r 3=00003000 
r 4=00000000 r 5=fffff000 r 6=00000000 r 7=00000000 
r 8=00000000 r 9=00000000 r10=00000000 r11=00000000 
r12=00000000 r13=00000000 r14=00000000 r15=00000000 
r16=00000000 r17=00000000 r18=00000000 r19=00000000 
r20=00000000 r21=00000000 r22=00000000 r23=00000000 
r24=00000000 r25=00000000 r26=00000000 r27=00000000 
r28=00000000 r29=00000000 r30=00000000 r31=00000000 

v==============Cycle Counter =     5==============v

[IF ]: Instruction [7ff2c293]@[00001014]: xori	x5, x5, 2047
[ID ]: Instruction [005110a3]@[00001010]: sh	x5, 1(x2)
[FWD]: Resolving EX hazard on rs1: x2
[FWD]: Resolving MEM hazard on rs2: x5
[EX ]: Instruction [00510023]@[0000100c]: sb	x5, 0(x2)
[MEM]: Instruction [ffd10113]@[00001008]: addi	x2, x2, -3
[WB ]: Instruction [7ff2e293]@[00001004]: ori	x5, x5, 2047
r 0=00000000 r 1=00000000 r 2=000effff r 3=00003000 
r 4=00000000 r 5=fffff7ff r 6=00000000 r 7=00000000 
r 8=00000000 r 9=00000000 r10=00000000 r11=00000000 
r12=00000000 r13=00000000 r14=00000000 r15=00000000 
r16=00000000 r17=00000000 r18=00000000 r19=00000000 
r20=00000000 r21=00000000 r22=00000000 r23=00000000 
r24=00000000 r25=00000000 r26=00000000 r27=00000000 
r28=00000000 r29=00000000 r30=00000000 r31=00000000 

v==============Cycle Counter =     6==============v

[IF ]: Instruction [00010403]@[00001018]: lb	x8, 0(x2)
[ID ]: Instruction [7ff2c293]@[00001014]: xori	x5, x5, 2047
[FWD]: Resolving MEM hazard on rs1: x2
[EX ]: Instruction [005110a3]@[00001010]: sh	x5, 1(x2)
[MEM]: Instruction [00510023]@[0000100c]: sb	x5, 0(x2)
[MEM]: Cache miss for address: 0x000efffc
[MEM]: Cache latency at addr: 0x000efffc: 102 cycles
[WB ]: Instruction [ffd10113]@[00001008]: addi	x2, x2, -3
r 0=00000000 r 1=00000000 r 2=000efffc r 3=00003000 
r 4=00000000 r 5=fffff7ff r 6=00000000 r 7=00000000 
r 8=00000000 r 9=00000000 r10=00000000 r11=00000000 
r12=00000000 r13=00000000 r14=00000000 r15=00000000 
r16=00000000 r17=00000000 r18=00000000 r19=00000000 
r20=00000000 r21=00000000 r22=00000000 r23=00000000 
r24=00000000 r25=00000000 r26=00000000 r27=00000000 
r28=00000000 r29=00000000 r30=00000000 r31=00000000 

v==============Cycle Counter =   108==============v

[IF ]: Instruction [00111483]@[0000101c]: lh	x9, 1(x2)
[ID ]: Instruction [00010403]@[00001018]: lb	x8, 0(x2)
[EX ]: Instruction [7ff2c293]@[00001014]: xori	x5, x5, 2047
[MEM]: Instruction [005110a3]@[00001010]: sh	x5, 1(x2)
[MEM]: Cache hit for address: 0x000efffd
[MEM]: Cache latency at addr: 0x000efffd: 2 cycles
[WB ]: Instruction [00510023]@[0000100c]: sb	x5, 0(x2)
r 0=00000000 r 1=00000000 r 2=000efffc r 3=00003000 
r 4=00000000 r 5=fffff7ff r 6=00000000 r 7=00000000 
r 8=00000000 r 9=00000000 r10=00000000 r11=00000000 
r12=00000000 r13=00000000 r14=00000000 r15=00000000 
r16=00000000 r17=00000000 r18=00000000 r19=00000000 
r20=00000000 r21=00000000 r22=00000000 r23=00000000 
r24=00000000 r25=00000000 r26=00000000 r27=00000000 
r28=00000000 r29=00000000 r30=00000000 r31=00000000 

v==============Cycle Counter =   110==============v

[IF ]: Instruction [41f2d293]@[00001020]: srai	x5, x5, 31
[ID ]: Instruction [00111483]@[0000101c]: lh	x9, 1(x2)
[EX ]: Instruction [00010403]@[00001018]: lb	x8, 0(x2)
[MEM]: Instruction [7ff2c293]@[00001014]: xori	x5, x5, 2047
[WB ]: Instruction [005110a3]@[00001010]: sh	x5, 1(x2)
r 0=00000000 r 1=00000000 r 2=000efffc r 3=00003000 
r 4=00000000 r 5=fffff7ff r 6=00000000 r 7=00000000 
r 8=00000000 r 9=00000000 r10=00000000 r11=00000000 
r12=00000000 r13=00000000 r14=00000000 r15=00000000 
r16=00000000 r17=00000000 r18=00000000 r19=00000000 
r20=00000000 r21=00000000 r22=00000000 r23=00000000 
r24=00000000 r25=00000000 r26=00000000 r27=00000000 
r28=00000000 r29=00000000 r30=00000000 r31=00000000 

v==============Cycle Counter =   111==============v

[IF ]: Instruction [0002a533]@[00001024]: slt	x10, x5, x0
[ID ]: Instruction [41f2d293]@[00001020]: srai	x5, x5, 31
[EX ]: Instruction [00111483]@[0000101c]: lh	x9, 1(x2)
[MEM]: Instruction [00010403]@[00001018]: lb	x8, 0(x2)
[MEM]: Cache hit for address: 0x000efffc
[MEM]: Cache latency at addr: 0x000efffc: 2 cycles
[WB ]: Instruction [7ff2c293]@[00001014]: xori	x5, x5, 2047
r 0=00000000 r 1=00000000 r 2=000efffc r 3=00003000 
r 4=00000000 r 5=fffff000 r 6=00000000 r 7=00000000 
r 8=00000000 r 9=00000000 r10=00000000 r11=00000000 
r12=00000000 r13=00000000 r14=00000000 r15=00000000 
r16=00000000 r17=00000000 r18=00000000 r19=00000000 
r20=00000000 r21=00000000 r22=00000000 r23=00000000 
r24=00000000 r25=00000000 r26=00000000 r27=00000000 
r28=00000000 r29=00000000 r30=00000000 r31=00000000 

v==============Cycle Counter =   113==============v

[IF ]: Instruction [00a282b3]@[00001028]: add	x5, x5, x10
[ID ]: Instruction [0002a533]@[00001024]: slt	x10, x5, x0
[EX ]: Instruction [41f2d293]@[00001020]: srai	x5, x5, 31
[MEM]: Instruction [00111483]@[0000101c]: lh	x9, 1(x2)
[MEM]: Cache hit for address: 0x000efffd
[MEM]: Cache latency at addr: 0x000efffd: 2 cycles
[WB ]: Instruction [00010403]@[00001018]: lb	x8, 0(x2)
r 0=00000000 r 1=00000000 r 2=000efffc r 3=00003000 
r 4=00000000 r 5=fffff000 r 6=00000000 r 7=00000000 
r 8=ffffffff r 9=00000000 r10=00000000 r11=00000000 
r12=00000000 r13=00000000 r14=00000000 r15=00000000 
r16=00000000 r17=00000000 r18=00000000 r19=00000000 
r20=00000000 r21=00000000 r22=00000000 r23=00000000 
r24=00000000 r25=00000000 r26=00000000 r27=00000000 
r28=00000000 r29=00000000 r30=00000000 r31=00000000 

v==============Cycle Counter =   115==============v

[IF ]: Instruction [01400513]@[0000102c]: addi	x10, x0, 20
[ID ]: Instruction [00a282b3]@[00001028]: add	x5, x5, x10
[FWD]: Resolving EX hazard on rs1: x5
[EX ]: Instruction [0002a533]@[00001024]: slt	x10, x5, x0
[MEM]: Instruction [41f2d293]@[00001020]: srai	x5, x5, 31
[WB ]: Instruction [00111483]@[0000101c]: lh	x9, 1(x2)
r 0=00000000 r 1=00000000 r 2=000efffc r 3=00003000 
r 4=00000000 r 5=fffff000 r 6=00000000 r 7=00000000 
r 8=ffffffff r 9=fffff000 r10=00000000 r11=00000000 
r12=00000000 r13=00000000 r14=00000000 r15=00000000 
r16=00000000 r17=00000000 r18=00000000 r19=00000000 
r20=00000000 r21=00000000 r22=00000000 r23=00000000 
r24=00000000 r25=00000000 r26=00000000 r27=00000000 
r28=00000000 r29=00000000 r30=00000000 r31=00000000 

v==============Cycle Counter =   116==============v

[IF ]: Instruction [00155513]@[00001030]: srli	x10, x10, 1
[ID ]: Instruction [01400513]@[0000102c]: addi	x10, x0, 20
[FWD]: Resolving EX hazard on rs2: x10
[FWD]: Resolving MEM hazard on rs1: x5
[EX ]: Instruction [00a282b3]@[00001028]: add	x5, x5, x10
[MEM]: Instruction [0002a533]@[00001024]: slt	x10, x5, x0
[WB ]: Instruction [41f2d293]@[00001020]: srai	x5, x5, 31
r 0=00000000 r 1=00000000 r 2=000efffc r 3=00003000 
r 4=00000000 r 5=ffffffff r 6=00000000 r 7=00000000 
r 8=ffffffff r 9=fffff000 r10=00000000 r11=00000000 
r12=00000000 r13=00000000 r14=00000000 r15=00000000 
r16=00000000 r17=00000000 r18=00000000 r19=00000000 
r20=00000000 r21=00000000 r22=00000000 r23=00000000 
r24=00000000 r25=00000000 r26=00000000 r27=00000000 
r28=00000000 r29=00000000 r30=00000000 r31=00000000 

v==============Cycle Counter =   117==============v

[IF ]: Instruction [00a00313]@[00001034]: addi	x6, x0, 10
[ID ]: Instruction [00155513]@[00001030]: srli	x10, x10, 1
[EX ]: Instruction [01400513]@[0000102c]: addi	x10, x0, 20
[MEM]: Instruction [00a282b3]@[00001028]: add	x5, x5, x10
[WB ]: Instruction [0002a533]@[00001024]: slt	x10, x5, x0
r 0=00000000 r 1=00000000 r 2=000efffc r 3=00003000 
r 4=00000000 r 5=ffffffff r 6=00000000 r 7=00000000 
r 8=ffffffff r 9=fffff000 r10=00000001 r11=00000000 
r12=00000000 r13=00000000 r14=00000000 r15=00000000 
r16=00000000 r17=00000000 r18=00000000 r19=00000000 
r20=00000000 r21=00000000 r22=00000000 r23=00000000 
r24=00000000 r25=00000000 r26=00000000 r27=00000000 
r28=00000000 r29=00000000 r30=00000000 r31=00000000 

v==============Cycle Counter =   118==============v

[IF ]: Instruction [00650c63]@[00001038]: beq	x10, x6, 24
[ID ]: Instruction [00a00313]@[00001034]: addi	x6, x0, 10
[FWD]: Resolving EX hazard on rs1: x10
[EX ]: Instruction [00155513]@[00001030]: srli	x10, x10, 1
[MEM]: Instruction [01400513]@[0000102c]: addi	x10, x0, 20
[WB ]: Instruction [00a282b3]@[00001028]: add	x5, x5, x10
r 0=00000000 r 1=00000000 r 2=000efffc r 3=00003000 
r 4=00000000 r 5=00000000 r 6=00000000 r 7=00000000 
r 8=ffffffff r 9=fffff000 r10=00000001 r11=00000000 
r12=00000000 r13=00000000 r14=00000000 r15=00000000 
r16=00000000 r17=00000000 r18=00000000 r19=00000000 
r20=00000000 r21=00000000 r22=00000000 r23=00000000 
r24=00000000 r25=00000000 r26=00000000 r27=00000000 
r28=00000000 r29=00000000 r30=00000000 r31=00000000 

v==============Cycle Counter =   119==============v

[IF ]: Instruction [fffff5b7]@[0000103c]: lui	x11, 1048575
[ID ]: Instruction [00650c63]@[00001038]: beq	x10, x6, 24
[EX ]: Instruction [00a00313]@[00001034]: addi	x6, x0, 10
[MEM]: Instruction [00155513]@[00001030]: srli	x10, x10, 1
[WB ]: Instruction [01400513]@[0000102c]: addi	x10, x0, 20
r 0=00000000 r 1=00000000 r 2=000efffc r 3=00003000 
r 4=00000000 r 5=00000000 r 6=00000000 r 7=00000000 
r 8=ffffffff r 9=fffff000 r10=00000014 r11=00000000 
r12=00000000 r13=00000000 r14=00000000 r15=00000000 
r16=00000000 r17=00000000 r18=00000000 r19=00000000 
r20=00000000 r21=00000000 r22=00000000 r23=00000000 
r24=00000000 r25=00000000 r26=00000000 r27=00000000 
r28=00000000 r29=00000000 r30=00000000 r31=00000000 

v==============Cycle Counter =   120==============v

[IF ]: Instruction [00bad937]@[00001040]: lui	x18, 2989
[ID ]: Instruction [fffff5b7]@[0000103c]: lui	x11, 1048575
[FWD]: Resolving EX hazard on rs2: x6
[FWD]: Resolving MEM hazard on rs1: x10
[EX ]: Instruction [00650c63]@[00001038]: beq	x10, x6, 24
[MEM]: Instruction [00a00313]@[00001034]: addi	x6, x0, 10
[WB ]: Instruction [00155513]@[00001030]: srli	x10, x10, 1
r 0=00000000 r 1=00000000 r 2=000efffc r 3=00003000 
r 4=00000000 r 5=00000000 r 6=00000000 r 7=00000000 
r 8=ffffffff r 9=fffff000 r10=0000000a r11=00000000 
r12=00000000 r13=00000000 r14=00000000 r15=00000000 
r16=00000000 r17=00000000 r18=00000000 r19=00000000 
r20=00000000 r21=00000000 r22=00000000 r23=00000000 
r24=00000000 r25=00000000 r26=00000000 r27=00000000 
r28=00000000 r29=00000000 r30=00000000 r31=00000000 

v==============Cycle Counter =   121==============v

[IF ]: Instruction [0dead9b7]@[00001044]: lui	x19, 57005
[ID ]: Instruction [00bad937]@[00001040]: lui	x18, 2989
[EX ]: Instruction [fffff5b7]@[0000103c]: lui	x11, 1048575
[MEM]: Instruction [00650c63]@[00001038]: beq	x10, x6, 24
[WB ]: Instruction [00a00313]@[00001034]: addi	x6, x0, 10
[CPL]: Pipeline Flushed
r 0=00000000 r 1=00000000 r 2=000efffc r 3=00003000 
r 4=00000000 r 5=00000000 r 6=0000000a r 7=00000000 
r 8=ffffffff r 9=fffff000 r10=0000000a r11=00000000 
r12=00000000 r13=00000000 r14=00000000 r15=00000000 
r16=00000000 r17=00000000 r18=00000000 r19=00000000 
r20=00000000 r21=00000000 r22=00000000 r23=00000000 
r24=00000000 r25=00000000 r26=00000000 r27=00000000 
r28=00000000 r29=00000000 r30=00000000 r31=00000000 

v==============Cycle Counter =   122==============v

[IF ]: Instruction [00000073]@[00001050]: ecall
[ID ]: Instruction [00000013]@[00001044]: addi	x0, x0, 0
[EX ]: Instruction [00000013]@[00001040]: addi	x0, x0, 0
[MEM]: Instruction [00000013]@[0000103c]: addi	x0, x0, 0
[WB ]: Instruction [00650c63]@[00001038]: beq	x10, x6, 24
r 0=00000000 r 1=00000000 r 2=000efffc r 3=00003000 
r 4=00000000 r 5=00000000 r 6=0000000a r 7=00000000 
r 8=ffffffff r 9=fffff000 r10=0000000a r11=00000000 
r12=00000000 r13=00000000 r14=00000000 r15=00000000 
r16=00000000 r17=00000000 r18=00000000 r19=00000000 
r20=00000000 r21=00000000 r22=00000000 r23=00000000 
r24=00000000 r25=00000000 r26=00000000 r27=00000000 
r28=00000000 r29=00000000 r30=00000000 r31=00000000 

v==============Cycle Counter =   123==============v

[IF ]: Instruction [00000013]@[00001054]: addi	x0, x0, 0
[ID ]: Instruction [00000073]@[00001050]: ecall
[EX ]: Instruction [00000013]@[00001044]: addi	x0, x0, 0
[MEM]: Instruction [00000013]@[00001040]: addi	x0, x0, 0
[WB ]: Instruction [00000013]@[0000103c]: addi	x0, x0, 0
r 0=00000000 r 1=00000000 r 2=000efffc r 3=00003000 
r 4=00000000 r 5=00000000 r 6=0000000a r 7=00000000 
r 8=ffffffff r 9=fffff000 r10=0000000a r11=00000000 
r12=00000000 r13=00000000 r14=00000000 r15=00000000 
r16=00000000 r17=00000000 r18=00000000 r19=00000000 
r20=00000000 r21=00000000 r22=00000000 r23=00000000 
r24=00000000 r25=00000000 r26=00000000 r27=00000000 
r28=00000000 r29=00000000 r30=00000000 r31=00000000 

v==============Cycle Counter =   124==============v

[IF ]: Instruction [00000013]@[00001058]: addi	x0, x0, 0
[ID ]: Instruction [00000013]@[00001054]: addi	x0, x0, 0
[EX ]: Instruction [00000073]@[00001050]: ecall
[MEM]: Instruction [00000013]@[00001044]: addi	x0, x0, 0
[WB ]: Instruction [00000013]@[00001040]: addi	x0, x0, 0
r 0=00000000 r 1=00000000 r 2=000efffc r 3=00003000 
r 4=00000000 r 5=00000000 r 6=0000000a r 7=00000000 
r 8=ffffffff r 9=fffff000 r10=0000000a r11=00000000 
r12=00000000 r13=00000000 r14=00000000 r15=00000000 
r16=00000000 r17=00000000 r18=00000000 r19=00000000 
r20=00000000 r21=00000000 r22=00000000 r23=00000000 
r24=00000000 r25=00000000 r26=00000000 r27=00000000 
r28=00000000 r29=00000000 r30=00000000 r31=00000000 

v==============Cycle Counter =   125==============v

[IF ]: Instruction [00000013]@[0000105c]: addi	x0, x0, 0
[ID ]: Instruction [00000013]@[00001058]: addi	x0, x0, 0
[EX ]: Instruction [00000013]@[00001054]: addi	x0, x0, 0
[MEM]: Instruction [00000073]@[00001050]: ecall
[WB ]: Instruction [00000013]@[00001044]: addi	x0, x0, 0
r 0=00000000 r 1=00000000 r 2=000efffc r 3=00003000 
r 4=00000000 r 5=00000000 r 6=0000000a r 7=00000000 
r 8=ffffffff r 9=fffff000 r10=0000000a r11=00000000 
r12=00000000 r13=00000000 r14=00000000 r15=00000000 
r16=00000000 r17=00000000 r18=00000000 r19=00000000 
r20=00000000 r21=00000000 r22=00000000 r23=00000000 
r24=00000000 r25=00000000 r26=00000000 r27=00000000 
r28=00000000 r29=00000000 r30=00000000 r31=00000000 


========
[MAIN]: Flushing pipeline
========
v==============Cycle Counter =   126==============v

[IF ]: Instruction [00000013]@[00001060]: addi	x0, x0, 0
[ID ]: Instruction [00000013]@[0000105c]: addi	x0, x0, 0
[EX ]: Instruction [00000013]@[00001058]: addi	x0, x0, 0
[MEM]: Instruction [00000013]@[00001054]: addi	x0, x0, 0
[WB ]: Instruction [00000073]@[00001050]: ecall
r 0=00000000 r 1=00000000 r 2=000efffc r 3=00003000 
r 4=00000000 r 5=00000000 r 6=0000000a r 7=00000000 
r 8=ffffffff r 9=fffff000 r10=0000000a r11=00000000 
r12=00000000 r13=00000000 r14=00000000 r15=00000000 
r16=00000000 r17=00000000 r18=00000000 r19=00000000 
r20=00000000 r21=00000000 r22=00000000 r23=00000000 
r24=00000000 r25=00000000 r26=00000000 r27=00000000 
r28=00000000 r29=00000000 r30=00000000 r31=00000000 

v==============Cycle Counter =   127==============v

[IF ]: Instruction [00000013]@[00001064]: addi	x0, x0, 0
[ID ]: Instruction [00000013]@[00001060]: addi	x0, x0, 0
[EX ]: Instruction [00000013]@[0000105c]: addi	x0, x0, 0
[MEM]: Instruction [00000013]@[00001058]: addi	x0, x0, 0
[WB ]: Instruction [00000013]@[00001054]: addi	x0, x0, 0
r 0=00000000 r 1=00000000 r 2=000efffc r 3=00003000 
r 4=00000000 r 5=00000000 r 6=0000000a r 7=00000000 
r 8=ffffffff r 9=fffff000 r10=0000000a r11=00000000 
r12=00000000 r13=00000000 r14=00000000 r15=00000000 
r16=00000000 r17=00000000 r18=00000000 r19=00000000 
r20=00000000 r21=00000000 r22=00000000 r23=00000000 
r24=00000000 r25=00000000 r26=00000000 r27=00000000 
r28=00000000 r29=00000000 r30=00000000 r31=00000000 

v==============Cycle Counter =   128==============v

[IF ]: Instruction [00000013]@[00001068]: addi	x0, x0, 0
[ID ]: Instruction [00000013]@[00001064]: addi	x0, x0, 0
[EX ]: Instruction [00000013]@[00001060]: addi	x0, x0, 0
[MEM]: Instruction [00000013]@[0000105c]: addi	x0, x0, 0
[WB ]: Instruction [00000013]@[00001058]: addi	x0, x0, 0
r 0=00000000 r 1=00000000 r 2=000efffc r 3=00003000 
r 4=00000000 r 5=00000000 r 6=0000000a r 7=00000000 
r 8=ffffffff r 9=fffff000 r10=0000000a r11=00000000 
r12=00000000 r13=00000000 r14=00000000 r15=00000000 
r16=00000000 r17=00000000 r18=00000000 r19=00000000 
r20=00000000 r21=00000000 r22=00000000 r23=00000000 
r24=00000000 r25=00000000 r26=00000000 r27=00000000 
r28=00000000 r29=00000000 r30=00000000 r31=00000000 

v==============Cycle Counter =   129==============v

[IF ]: Instruction [00000013]@[0000106c]: addi	x0, x0, 0
[ID ]: Instruction [00000013]@[00001068]: addi	x0, x0, 0
[EX ]: Instruction [00000013]@[00001064]: addi	x0, x0, 0
[MEM]: Instruction [00000013]@[00001060]: addi	x0, x0, 0
[WB ]: Instruction [00000013]@[0000105c]: addi	x0, x0, 0
r 0=00000000 r 1=00000000 r 2=000efffc r 3=00003000 
r 4=00000000 r 5=00000000 r 6=0000000a r 7=00000000 
r 8=ffffffff r 9=fffff000 r10=0000000a r11=00000000 
r12=00000000 r13=00000000 r14=00000000 r15=00000000 
r16=00000000 r17=00000000 r18=00000000 r19=00000000 
r20=00000000 r21=00000000 r22=00000000 r23=00000000 
r24=00000000 r25=00000000 r26=00000000 r27=00000000 
r28=00000000 r29=00000000 r30=00000000 r31=00000000 

v==============Cycle Counter =   130==============v

[IF ]: Instruction [00000013]@[00001070]: addi	x0, x0, 0
[ID ]: Instruction [00000013]@[0000106c]: addi	x0, x0, 0
[EX ]: Instruction [00000013]@[00001068]: addi	x0, x0, 0
[MEM]: Instruction [00000013]@[00001064]: addi	x0, x0, 0
[WB ]: Instruction [00000013]@[00001060]: addi	x0, x0, 0
r 0=00000000 r 1=00000000 r 2=000efffc r 3=00003000 
r 4=00000000 r 5=00000000 r 6=0000000a r 7=00000000 
r 8=ffffffff r 9=fffff000 r10=0000000a r11=00000000 
r12=00000000 r13=00000000 r14=00000000 r15=00000000 
r16=00000000 r17=00000000 r18=00000000 r19=00000000 
r20=00000000 r21=00000000 r22=00000000 r23=00000000 
r24=00000000 r25=00000000 r26=00000000 r27=00000000 
r28=00000000 r29=00000000 r30=00000000 r31=00000000 

#Cycles            =   131
#Forwards (EX-EX)  =     6
#Forwards (EX-MEM) =     4
#Branches taken    =     1
#Stalls            =     0
#MEM   stalls      =   104
#Cache accesses    =     4
#Cache hits        =     3
#Cache misses      =     1
