v==============Cycle Counter =     0==============v

[IF ]: Instruction [40050513]@[00001000]: addi	x10, x10, 1024
[ID ]: Instruction [00000000]@[00000000]: 
[EX ]: Instruction [00000000]@[00000000]: 
[MEM]: Instruction [00000000]@[00000000]: 
[WB ]: Instruction [00000000]@[00000000]: 
r 0=00000000 r 1=00000000 r 2=000effff r 3=00003000 
r 4=00000000 r 5=00000000 r 6=00000000 r 7=00000000 
r 8=00000000 r 9=00000000 r10=00000000 r11=00000000 
r12=00000000 r13=00000000 r14=00000000 r15=00000000 
r16=00000000 r17=00000000 r18=00000000 r19=00000000 
r20=00000000 r21=00000000 r22=00000000 r23=00000000 
r24=00000000 r25=00000000 r26=00000000 r27=00000000 
r28=00000000 r29=00000000 r30=00000000 r31=00000000 

v==============Cycle Counter =     1==============v

[IF ]: Instruction [00000013]@[00001004]: addi	x0, x0, 0
[ID ]: Instruction [40050513]@[00001000]: addi	x10, x10, 1024
[EX ]: Instruction [00000000]@[00000000]: 
[MEM]: Instruction [00000000]@[00000000]: 
[WB ]: Instruction [00000000]@[00000000]: 
r 0=00000000 r 1=00000000 r 2=000effff r 3=00003000 
r 4=00000000 r 5=00000000 r 6=00000000 r 7=00000000 
r 8=00000000 r 9=00000000 r10=00000000 r11=00000000 
r12=00000000 r13=00000000 r14=00000000 r15=00000000 
r16=00000000 r17=00000000 r18=00000000 r19=00000000 
r20=00000000 r21=00000000 r22=00000000 r23=00000000 
r24=00000000 r25=00000000 r26=00000000 r27=00000000 
r28=00000000 r29=00000000 r30=00000000 r31=00000000 

v==============Cycle Counter =     2==============v

[IF ]: Instruction [00000013]@[00001008]: addi	x0, x0, 0
[ID ]: Instruction [00000013]@[00001004]: addi	x0, x0, 0
[EX ]: Instruction [40050513]@[00001000]: addi	x10, x10, 1024
[MEM]: Instruction [00000000]@[00000000]: 
[WB ]: Instruction [00000000]@[00000000]: 
r 0=00000000 r 1=00000000 r 2=000effff r 3=00003000 
r 4=00000000 r 5=00000000 r 6=00000000 r 7=00000000 
r 8=00000000 r 9=00000000 r10=00000000 r11=00000000 
r12=00000000 r13=00000000 r14=00000000 r15=00000000 
r16=00000000 r17=00000000 r18=00000000 r19=00000000 
r20=00000000 r21=00000000 r22=00000000 r23=00000000 
r24=00000000 r25=00000000 r26=00000000 r27=00000000 
r28=00000000 r29=00000000 r30=00000000 r31=00000000 

v==============Cycle Counter =     3==============v

[IF ]: Instruction [00000013]@[0000100c]: addi	x0, x0, 0
[ID ]: Instruction [00000013]@[00001008]: addi	x0, x0, 0
[EX ]: Instruction [00000013]@[00001004]: addi	x0, x0, 0
[MEM]: Instruction [40050513]@[00001000]: addi	x10, x10, 1024
[WB ]: Instruction [00000000]@[00000000]: 
r 0=00000000 r 1=00000000 r 2=000effff r 3=00003000 
r 4=00000000 r 5=00000000 r 6=00000000 r 7=00000000 
r 8=00000000 r 9=00000000 r10=00000000 r11=00000000 
r12=00000000 r13=00000000 r14=00000000 r15=00000000 
r16=00000000 r17=00000000 r18=00000000 r19=00000000 
r20=00000000 r21=00000000 r22=00000000 r23=00000000 
r24=00000000 r25=00000000 r26=00000000 r27=00000000 
r28=00000000 r29=00000000 r30=00000000 r31=00000000 

v==============Cycle Counter =     4==============v

[IF ]: Instruction [00052583]@[00001010]: lw	x11, 0(x10)
[ID ]: Instruction [00000013]@[0000100c]: addi	x0, x0, 0
[EX ]: Instruction [00000013]@[00001008]: addi	x0, x0, 0
[MEM]: Instruction [00000013]@[00001004]: addi	x0, x0, 0
[WB ]: Instruction [40050513]@[00001000]: addi	x10, x10, 1024
r 0=00000000 r 1=00000000 r 2=000effff r 3=00003000 
r 4=00000000 r 5=00000000 r 6=00000000 r 7=00000000 
r 8=00000000 r 9=00000000 r10=00000400 r11=00000000 
r12=00000000 r13=00000000 r14=00000000 r15=00000000 
r16=00000000 r17=00000000 r18=00000000 r19=00000000 
r20=00000000 r21=00000000 r22=00000000 r23=00000000 
r24=00000000 r25=00000000 r26=00000000 r27=00000000 
r28=00000000 r29=00000000 r30=00000000 r31=00000000 

v==============Cycle Counter =     5==============v

[IF ]: Instruction [00000013]@[00001014]: addi	x0, x0, 0
[ID ]: Instruction [00052583]@[00001010]: lw	x11, 0(x10)
[EX ]: Instruction [00000013]@[0000100c]: addi	x0, x0, 0
[MEM]: Instruction [00000013]@[00001008]: addi	x0, x0, 0
[WB ]: Instruction [00000013]@[00001004]: addi	x0, x0, 0
r 0=00000000 r 1=00000000 r 2=000effff r 3=00003000 
r 4=00000000 r 5=00000000 r 6=00000000 r 7=00000000 
r 8=00000000 r 9=00000000 r10=00000400 r11=00000000 
r12=00000000 r13=00000000 r14=00000000 r15=00000000 
r16=00000000 r17=00000000 r18=00000000 r19=00000000 
r20=00000000 r21=00000000 r22=00000000 r23=00000000 
r24=00000000 r25=00000000 r26=00000000 r27=00000000 
r28=00000000 r29=00000000 r30=00000000 r31=00000000 

v==============Cycle Counter =     6==============v

[IF ]: Instruction [00000013]@[00001018]: addi	x0, x0, 0
[ID ]: Instruction [00000013]@[00001014]: addi	x0, x0, 0
[EX ]: Instruction [00052583]@[00001010]: lw	x11, 0(x10)
[MEM]: Instruction [00000013]@[0000100c]: addi	x0, x0, 0
[WB ]: Instruction [00000013]@[00001008]: addi	x0, x0, 0
r 0=00000000 r 1=00000000 r 2=000effff r 3=00003000 
r 4=00000000 r 5=00000000 r 6=00000000 r 7=00000000 
r 8=00000000 r 9=00000000 r10=00000400 r11=00000000 
r12=00000000 r13=00000000 r14=00000000 r15=00000000 
r16=00000000 r17=00000000 r18=00000000 r19=00000000 
r20=00000000 r21=00000000 r22=00000000 r23=00000000 
r24=00000000 r25=00000000 r26=00000000 r27=00000000 
r28=00000000 r29=00000000 r30=00000000 r31=00000000 

v==============Cycle Counter =     7==============v

[IF ]: Instruction [00051603]@[0000101c]: lh	x12, 0(x10)
[ID ]: Instruction [00000013]@[00001018]: addi	x0, x0, 0
[EX ]: Instruction [00000013]@[00001014]: addi	x0, x0, 0
[MEM]: Instruction [00052583]@[00001010]: lw	x11, 0(x10)
[MEM]: Cache miss for address: 0x00000400
[MEM]: Cache latency at addr: 0x00000400: 102 cycles
[WB ]: Instruction [00000013]@[0000100c]: addi	x0, x0, 0
r 0=00000000 r 1=00000000 r 2=000effff r 3=00003000 
r 4=00000000 r 5=00000000 r 6=00000000 r 7=00000000 
r 8=00000000 r 9=00000000 r10=00000400 r11=00000000 
r12=00000000 r13=00000000 r14=00000000 r15=00000000 
r16=00000000 r17=00000000 r18=00000000 r19=00000000 
r20=00000000 r21=00000000 r22=00000000 r23=00000000 
r24=00000000 r25=00000000 r26=00000000 r27=00000000 
r28=00000000 r29=00000000 r30=00000000 r31=00000000 

v==============Cycle Counter =   109==============v

[IF ]: Instruction [00050683]@[00001020]: lb	x13, 0(x10)
[ID ]: Instruction [00051603]@[0000101c]: lh	x12, 0(x10)
[EX ]: Instruction [00000013]@[00001018]: addi	x0, x0, 0
[MEM]: Instruction [00000013]@[00001014]: addi	x0, x0, 0
[WB ]: Instruction [00052583]@[00001010]: lw	x11, 0(x10)
r 0=00000000 r 1=00000000 r 2=000effff r 3=00003000 
r 4=00000000 r 5=00000000 r 6=00000000 r 7=00000000 
r 8=00000000 r 9=00000000 r10=00000400 r11=00000000 
r12=00000000 r13=00000000 r14=00000000 r15=00000000 
r16=00000000 r17=00000000 r18=00000000 r19=00000000 
r20=00000000 r21=00000000 r22=00000000 r23=00000000 
r24=00000000 r25=00000000 r26=00000000 r27=00000000 
r28=00000000 r29=00000000 r30=00000000 r31=00000000 

v==============Cycle Counter =   110==============v

[IF ]: Instruction [01052703]@[00001024]: lw	x14, 16(x10)
[ID ]: Instruction [00050683]@[00001020]: lb	x13, 0(x10)
[EX ]: Instruction [00051603]@[0000101c]: lh	x12, 0(x10)
[MEM]: Instruction [00000013]@[00001018]: addi	x0, x0, 0
[WB ]: Instruction [00000013]@[00001014]: addi	x0, x0, 0
r 0=00000000 r 1=00000000 r 2=000effff r 3=00003000 
r 4=00000000 r 5=00000000 r 6=00000000 r 7=00000000 
r 8=00000000 r 9=00000000 r10=00000400 r11=00000000 
r12=00000000 r13=00000000 r14=00000000 r15=00000000 
r16=00000000 r17=00000000 r18=00000000 r19=00000000 
r20=00000000 r21=00000000 r22=00000000 r23=00000000 
r24=00000000 r25=00000000 r26=00000000 r27=00000000 
r28=00000000 r29=00000000 r30=00000000 r31=00000000 

v==============Cycle Counter =   111==============v

[IF ]: Instruction [01852783]@[00001028]: lw	x15, 24(x10)
[ID ]: Instruction [01052703]@[00001024]: lw	x14, 16(x10)
[EX ]: Instruction [00050683]@[00001020]: lb	x13, 0(x10)
[MEM]: Instruction [00051603]@[0000101c]: lh	x12, 0(x10)
[MEM]: Cache hit for address: 0x00000400
[MEM]: Cache latency at addr: 0x00000400: 2 cycles
[WB ]: Instruction [00000013]@[00001018]: addi	x0, x0, 0
r 0=00000000 r 1=00000000 r 2=000effff r 3=00003000 
r 4=00000000 r 5=00000000 r 6=00000000 r 7=00000000 
r 8=00000000 r 9=00000000 r10=00000400 r11=00000000 
r12=00000000 r13=00000000 r14=00000000 r15=00000000 
r16=00000000 r17=00000000 r18=00000000 r19=00000000 
r20=00000000 r21=00000000 r22=00000000 r23=00000000 
r24=00000000 r25=00000000 r26=00000000 r27=00000000 
r28=00000000 r29=00000000 r30=00000000 r31=00000000 

v==============Cycle Counter =   113==============v

[IF ]: Instruction [02052803]@[0000102c]: lw	x16, 32(x10)
[ID ]: Instruction [01852783]@[00001028]: lw	x15, 24(x10)
[EX ]: Instruction [01052703]@[00001024]: lw	x14, 16(x10)
[MEM]: Instruction [00050683]@[00001020]: lb	x13, 0(x10)
[MEM]: Cache hit for address: 0x00000400
[MEM]: Cache latency at addr: 0x00000400: 2 cycles
[WB ]: Instruction [00051603]@[0000101c]: lh	x12, 0(x10)
r 0=00000000 r 1=00000000 r 2=000effff r 3=00003000 
r 4=00000000 r 5=00000000 r 6=00000000 r 7=00000000 
r 8=00000000 r 9=00000000 r10=00000400 r11=00000000 
r12=00000000 r13=00000000 r14=00000000 r15=00000000 
r16=00000000 r17=00000000 r18=00000000 r19=00000000 
r20=00000000 r21=00000000 r22=00000000 r23=00000000 
r24=00000000 r25=00000000 r26=00000000 r27=00000000 
r28=00000000 r29=00000000 r30=00000000 r31=00000000 

v==============Cycle Counter =   115==============v

[IF ]: Instruction [51201d23]@[00001030]: sh	x18, 1306(x0)
[ID ]: Instruction [02052803]@[0000102c]: lw	x16, 32(x10)
[EX ]: Instruction [01852783]@[00001028]: lw	x15, 24(x10)
[MEM]: Instruction [01052703]@[00001024]: lw	x14, 16(x10)
[MEM]: Cache hit for address: 0x00000410
[MEM]: Cache latency at addr: 0x00000410: 2 cycles
[WB ]: Instruction [00050683]@[00001020]: lb	x13, 0(x10)
r 0=00000000 r 1=00000000 r 2=000effff r 3=00003000 
r 4=00000000 r 5=00000000 r 6=00000000 r 7=00000000 
r 8=00000000 r 9=00000000 r10=00000400 r11=00000000 
r12=00000000 r13=00000000 r14=00000000 r15=00000000 
r16=00000000 r17=00000000 r18=00000000 r19=00000000 
r20=00000000 r21=00000000 r22=00000000 r23=00000000 
r24=00000000 r25=00000000 r26=00000000 r27=00000000 
r28=00000000 r29=00000000 r30=00000000 r31=00000000 

v==============Cycle Counter =   117==============v

[IF ]: Instruction [2f201323]@[00001034]: sh	x18, 742(x0)
[ID ]: Instruction [51201d23]@[00001030]: sh	x18, 1306(x0)
[EX ]: Instruction [02052803]@[0000102c]: lw	x16, 32(x10)
[MEM]: Instruction [01852783]@[00001028]: lw	x15, 24(x10)
[MEM]: Cache hit for address: 0x00000418
[MEM]: Cache latency at addr: 0x00000418: 2 cycles
[WB ]: Instruction [01052703]@[00001024]: lw	x14, 16(x10)
r 0=00000000 r 1=00000000 r 2=000effff r 3=00003000 
r 4=00000000 r 5=00000000 r 6=00000000 r 7=00000000 
r 8=00000000 r 9=00000000 r10=00000400 r11=00000000 
r12=00000000 r13=00000000 r14=00000000 r15=00000000 
r16=00000000 r17=00000000 r18=00000000 r19=00000000 
r20=00000000 r21=00000000 r22=00000000 r23=00000000 
r24=00000000 r25=00000000 r26=00000000 r27=00000000 
r28=00000000 r29=00000000 r30=00000000 r31=00000000 

v==============Cycle Counter =   119==============v

[IF ]: Instruction [01200b23]@[00001038]: sb	x18, 22(x0)
[ID ]: Instruction [2f201323]@[00001034]: sh	x18, 742(x0)
[EX ]: Instruction [51201d23]@[00001030]: sh	x18, 1306(x0)
[MEM]: Instruction [02052803]@[0000102c]: lw	x16, 32(x10)
[MEM]: Cache hit for address: 0x00000420
[MEM]: Cache latency at addr: 0x00000420: 2 cycles
[WB ]: Instruction [01852783]@[00001028]: lw	x15, 24(x10)
r 0=00000000 r 1=00000000 r 2=000effff r 3=00003000 
r 4=00000000 r 5=00000000 r 6=00000000 r 7=00000000 
r 8=00000000 r 9=00000000 r10=00000400 r11=00000000 
r12=00000000 r13=00000000 r14=00000000 r15=00000000 
r16=00000000 r17=00000000 r18=00000000 r19=00000000 
r20=00000000 r21=00000000 r22=00000000 r23=00000000 
r24=00000000 r25=00000000 r26=00000000 r27=00000000 
r28=00000000 r29=00000000 r30=00000000 r31=00000000 

v==============Cycle Counter =   121==============v

[IF ]: Instruction [3c2028a3]@[0000103c]: sw	x2, 977(x0)
[ID ]: Instruction [01200b23]@[00001038]: sb	x18, 22(x0)
[EX ]: Instruction [2f201323]@[00001034]: sh	x18, 742(x0)
[MEM]: Instruction [51201d23]@[00001030]: sh	x18, 1306(x0)
[MEM]: Cache miss for address: 0x0000051a
[MEM]: Cache latency at addr: 0x0000051a: 102 cycles
[WB ]: Instruction [02052803]@[0000102c]: lw	x16, 32(x10)
r 0=00000000 r 1=00000000 r 2=000effff r 3=00003000 
r 4=00000000 r 5=00000000 r 6=00000000 r 7=00000000 
r 8=00000000 r 9=00000000 r10=00000400 r11=00000000 
r12=00000000 r13=00000000 r14=00000000 r15=00000000 
r16=00000000 r17=00000000 r18=00000000 r19=00000000 
r20=00000000 r21=00000000 r22=00000000 r23=00000000 
r24=00000000 r25=00000000 r26=00000000 r27=00000000 
r28=00000000 r29=00000000 r30=00000000 r31=00000000 

v==============Cycle Counter =   223==============v

[IF ]: Instruction [30600323]@[00001040]: sb	x6, 774(x0)
[ID ]: Instruction [3c2028a3]@[0000103c]: sw	x2, 977(x0)
[EX ]: Instruction [01200b23]@[00001038]: sb	x18, 22(x0)
[MEM]: Instruction [2f201323]@[00001034]: sh	x18, 742(x0)
[MEM]: Cache miss for address: 0x000002e6
[MEM]: Cache latency at addr: 0x000002e6: 102 cycles
[WB ]: Instruction [51201d23]@[00001030]: sh	x18, 1306(x0)
r 0=00000000 r 1=00000000 r 2=000effff r 3=00003000 
r 4=00000000 r 5=00000000 r 6=00000000 r 7=00000000 
r 8=00000000 r 9=00000000 r10=00000400 r11=00000000 
r12=00000000 r13=00000000 r14=00000000 r15=00000000 
r16=00000000 r17=00000000 r18=00000000 r19=00000000 
r20=00000000 r21=00000000 r22=00000000 r23=00000000 
r24=00000000 r25=00000000 r26=00000000 r27=00000000 
r28=00000000 r29=00000000 r30=00000000 r31=00000000 

v==============Cycle Counter =   325==============v

[IF ]: Instruction [2d1015a3]@[00001044]: sh	x17, 715(x0)
[ID ]: Instruction [30600323]@[00001040]: sb	x6, 774(x0)
[EX ]: Instruction [3c2028a3]@[0000103c]: sw	x2, 977(x0)
[MEM]: Instruction [01200b23]@[00001038]: sb	x18, 22(x0)
[MEM]: Cache miss for address: 0x00000016
[MEM]: Cache latency at addr: 0x00000016: 102 cycles
[WB ]: Instruction [2f201323]@[00001034]: sh	x18, 742(x0)
r 0=00000000 r 1=00000000 r 2=000effff r 3=00003000 
r 4=00000000 r 5=00000000 r 6=00000000 r 7=00000000 
r 8=00000000 r 9=00000000 r10=00000400 r11=00000000 
r12=00000000 r13=00000000 r14=00000000 r15=00000000 
r16=00000000 r17=00000000 r18=00000000 r19=00000000 
r20=00000000 r21=00000000 r22=00000000 r23=00000000 
r24=00000000 r25=00000000 r26=00000000 r27=00000000 
r28=00000000 r29=00000000 r30=00000000 r31=00000000 

v==============Cycle Counter =   427==============v

[IF ]: Instruction [3a201723]@[00001048]: sh	x2, 942(x0)
[ID ]: Instruction [2d1015a3]@[00001044]: sh	x17, 715(x0)
[EX ]: Instruction [30600323]@[00001040]: sb	x6, 774(x0)
[MEM]: Instruction [3c2028a3]@[0000103c]: sw	x2, 977(x0)
[MEM]: Cache miss for address: 0x000003d1
[MEM]: Cache latency at addr: 0x000003d1: 102 cycles
[WB ]: Instruction [01200b23]@[00001038]: sb	x18, 22(x0)
r 0=00000000 r 1=00000000 r 2=000effff r 3=00003000 
r 4=00000000 r 5=00000000 r 6=00000000 r 7=00000000 
r 8=00000000 r 9=00000000 r10=00000400 r11=00000000 
r12=00000000 r13=00000000 r14=00000000 r15=00000000 
r16=00000000 r17=00000000 r18=00000000 r19=00000000 
r20=00000000 r21=00000000 r22=00000000 r23=00000000 
r24=00000000 r25=00000000 r26=00000000 r27=00000000 
r28=00000000 r29=00000000 r30=00000000 r31=00000000 

v==============Cycle Counter =   529==============v

[IF ]: Instruction [1d102623]@[0000104c]: sw	x17, 460(x0)
[ID ]: Instruction [3a201723]@[00001048]: sh	x2, 942(x0)
[EX ]: Instruction [2d1015a3]@[00001044]: sh	x17, 715(x0)
[MEM]: Instruction [30600323]@[00001040]: sb	x6, 774(x0)
[MEM]: Cache miss for address: 0x00000306
[MEM]: Cache latency at addr: 0x00000306: 102 cycles
[WB ]: Instruction [3c2028a3]@[0000103c]: sw	x2, 977(x0)
r 0=00000000 r 1=00000000 r 2=000effff r 3=00003000 
r 4=00000000 r 5=00000000 r 6=00000000 r 7=00000000 
r 8=00000000 r 9=00000000 r10=00000400 r11=00000000 
r12=00000000 r13=00000000 r14=00000000 r15=00000000 
r16=00000000 r17=00000000 r18=00000000 r19=00000000 
r20=00000000 r21=00000000 r22=00000000 r23=00000000 
r24=00000000 r25=00000000 r26=00000000 r27=00000000 
r28=00000000 r29=00000000 r30=00000000 r31=00000000 

v==============Cycle Counter =   631==============v

[IF ]: Instruction [39101f23]@[00001050]: sh	x17, 926(x0)
[ID ]: Instruction [1d102623]@[0000104c]: sw	x17, 460(x0)
[EX ]: Instruction [3a201723]@[00001048]: sh	x2, 942(x0)
[MEM]: Instruction [2d1015a3]@[00001044]: sh	x17, 715(x0)
[MEM]: Cache hit for address: 0x000002cb
[MEM]: Cache latency at addr: 0x000002cb: 2 cycles
[WB ]: Instruction [30600323]@[00001040]: sb	x6, 774(x0)
r 0=00000000 r 1=00000000 r 2=000effff r 3=00003000 
r 4=00000000 r 5=00000000 r 6=00000000 r 7=00000000 
r 8=00000000 r 9=00000000 r10=00000400 r11=00000000 
r12=00000000 r13=00000000 r14=00000000 r15=00000000 
r16=00000000 r17=00000000 r18=00000000 r19=00000000 
r20=00000000 r21=00000000 r22=00000000 r23=00000000 
r24=00000000 r25=00000000 r26=00000000 r27=00000000 
r28=00000000 r29=00000000 r30=00000000 r31=00000000 

v==============Cycle Counter =   633==============v

[IF ]: Instruction [5d1015a3]@[00001054]: sh	x17, 1483(x0)
[ID ]: Instruction [39101f23]@[00001050]: sh	x17, 926(x0)
[EX ]: Instruction [1d102623]@[0000104c]: sw	x17, 460(x0)
[MEM]: Instruction [3a201723]@[00001048]: sh	x2, 942(x0)
[MEM]: Cache miss for address: 0x000003ae
[MEM]: Cache latency at addr: 0x000003ae: 102 cycles
[WB ]: Instruction [2d1015a3]@[00001044]: sh	x17, 715(x0)
r 0=00000000 r 1=00000000 r 2=000effff r 3=00003000 
r 4=00000000 r 5=00000000 r 6=00000000 r 7=00000000 
r 8=00000000 r 9=00000000 r10=00000400 r11=00000000 
r12=00000000 r13=00000000 r14=00000000 r15=00000000 
r16=00000000 r17=00000000 r18=00000000 r19=00000000 
r20=00000000 r21=00000000 r22=00000000 r23=00000000 
r24=00000000 r25=00000000 r26=00000000 r27=00000000 
r28=00000000 r29=00000000 r30=00000000 r31=00000000 


========
[MAIN]: Flushing pipeline
========
v==============Cycle Counter =   735==============v

[IF ]: Instruction [00000013]@[00001058]: addi	x0, x0, 0
[ID ]: Instruction [5d1015a3]@[00001054]: sh	x17, 1483(x0)
[EX ]: Instruction [39101f23]@[00001050]: sh	x17, 926(x0)
[MEM]: Instruction [1d102623]@[0000104c]: sw	x17, 460(x0)
[MEM]: Cache miss for address: 0x000001cc
[MEM]: Cache latency at addr: 0x000001cc: 102 cycles
[WB ]: Instruction [3a201723]@[00001048]: sh	x2, 942(x0)
r 0=00000000 r 1=00000000 r 2=000effff r 3=00003000 
r 4=00000000 r 5=00000000 r 6=00000000 r 7=00000000 
r 8=00000000 r 9=00000000 r10=00000400 r11=00000000 
r12=00000000 r13=00000000 r14=00000000 r15=00000000 
r16=00000000 r17=00000000 r18=00000000 r19=00000000 
r20=00000000 r21=00000000 r22=00000000 r23=00000000 
r24=00000000 r25=00000000 r26=00000000 r27=00000000 
r28=00000000 r29=00000000 r30=00000000 r31=00000000 

v==============Cycle Counter =   837==============v

[IF ]: Instruction [00000013]@[0000105c]: addi	x0, x0, 0
[ID ]: Instruction [00000013]@[00001058]: addi	x0, x0, 0
[EX ]: Instruction [5d1015a3]@[00001054]: sh	x17, 1483(x0)
[MEM]: Instruction [39101f23]@[00001050]: sh	x17, 926(x0)
[MEM]: Cache hit for address: 0x0000039e
[MEM]: Cache latency at addr: 0x0000039e: 2 cycles
[WB ]: Instruction [1d102623]@[0000104c]: sw	x17, 460(x0)
r 0=00000000 r 1=00000000 r 2=000effff r 3=00003000 
r 4=00000000 r 5=00000000 r 6=00000000 r 7=00000000 
r 8=00000000 r 9=00000000 r10=00000400 r11=00000000 
r12=00000000 r13=00000000 r14=00000000 r15=00000000 
r16=00000000 r17=00000000 r18=00000000 r19=00000000 
r20=00000000 r21=00000000 r22=00000000 r23=00000000 
r24=00000000 r25=00000000 r26=00000000 r27=00000000 
r28=00000000 r29=00000000 r30=00000000 r31=00000000 

v==============Cycle Counter =   839==============v

[IF ]: Instruction [00000013]@[00001060]: addi	x0, x0, 0
[ID ]: Instruction [00000013]@[0000105c]: addi	x0, x0, 0
[EX ]: Instruction [00000013]@[00001058]: addi	x0, x0, 0
[MEM]: Instruction [5d1015a3]@[00001054]: sh	x17, 1483(x0)
[MEM]: Cache miss for address: 0x000005cb
[MEM]: Cache latency at addr: 0x000005cb: 102 cycles
[WB ]: Instruction [39101f23]@[00001050]: sh	x17, 926(x0)
r 0=00000000 r 1=00000000 r 2=000effff r 3=00003000 
r 4=00000000 r 5=00000000 r 6=00000000 r 7=00000000 
r 8=00000000 r 9=00000000 r10=00000400 r11=00000000 
r12=00000000 r13=00000000 r14=00000000 r15=00000000 
r16=00000000 r17=00000000 r18=00000000 r19=00000000 
r20=00000000 r21=00000000 r22=00000000 r23=00000000 
r24=00000000 r25=00000000 r26=00000000 r27=00000000 
r28=00000000 r29=00000000 r30=00000000 r31=00000000 

v==============Cycle Counter =   941==============v

[IF ]: Instruction [00000013]@[00001064]: addi	x0, x0, 0
[ID ]: Instruction [00000013]@[00001060]: addi	x0, x0, 0
[EX ]: Instruction [00000013]@[0000105c]: addi	x0, x0, 0
[MEM]: Instruction [00000013]@[00001058]: addi	x0, x0, 0
[WB ]: Instruction [5d1015a3]@[00001054]: sh	x17, 1483(x0)
r 0=00000000 r 1=00000000 r 2=000effff r 3=00003000 
r 4=00000000 r 5=00000000 r 6=00000000 r 7=00000000 
r 8=00000000 r 9=00000000 r10=00000400 r11=00000000 
r12=00000000 r13=00000000 r14=00000000 r15=00000000 
r16=00000000 r17=00000000 r18=00000000 r19=00000000 
r20=00000000 r21=00000000 r22=00000000 r23=00000000 
r24=00000000 r25=00000000 r26=00000000 r27=00000000 
r28=00000000 r29=00000000 r30=00000000 r31=00000000 

v==============Cycle Counter =   942==============v

[IF ]: Instruction [00000013]@[00001068]: addi	x0, x0, 0
[ID ]: Instruction [00000013]@[00001064]: addi	x0, x0, 0
[EX ]: Instruction [00000013]@[00001060]: addi	x0, x0, 0
[MEM]: Instruction [00000013]@[0000105c]: addi	x0, x0, 0
[WB ]: Instruction [00000013]@[00001058]: addi	x0, x0, 0
r 0=00000000 r 1=00000000 r 2=000effff r 3=00003000 
r 4=00000000 r 5=00000000 r 6=00000000 r 7=00000000 
r 8=00000000 r 9=00000000 r10=00000400 r11=00000000 
r12=00000000 r13=00000000 r14=00000000 r15=00000000 
r16=00000000 r17=00000000 r18=00000000 r19=00000000 
r20=00000000 r21=00000000 r22=00000000 r23=00000000 
r24=00000000 r25=00000000 r26=00000000 r27=00000000 
r28=00000000 r29=00000000 r30=00000000 r31=00000000 

#Cycles            =   943
#Forwards (EX-EX)  =     0
#Forwards (EX-MEM) =     0
#Branches taken    =     0
#Stalls            =     0
#MEM   stalls      =   916
#Cache accesses    =    16
#Cache hits        =     7
#Cache misses      =     9
